<?xml version="1.0" encoding="UTF-8"?>
<!-- Generated by org.testng.reporters.JUnitReportReporter -->
<testsuite skipped="0" hostname="LAPTOP-32UE97G2" name="com.jakartalabs.assignment2may2021.tests.AppTest" tests="1" failures="0" timestamp="27 Jun 2021 03:49:41 GMT" time="70.826" errors="0">
  <testcase name="LoginAndCreateProject" time="70.826" classname="com.jakartalabs.assignment2may2021.tests.AppTest"/>
</testsuite> <!-- com.jakartalabs.assignment2may2021.tests.AppTest -->
